{"numTotalTestSuites":30,"numPassedTestSuites":30,"numFailedTestSuites":0,"numPendingTestSuites":0,"numTotalTests":110,"numPassedTests":110,"numFailedTests":0,"numPendingTests":0,"numTodoTests":0,"snapshot":{"added":0,"failure":false,"filesAdded":0,"filesRemoved":0,"filesRemovedList":[],"filesUnmatched":0,"filesUpdated":0,"matched":0,"total":0,"unchecked":0,"uncheckedKeysByFile":[],"unmatched":0,"updated":0,"didUpdate":false},"startTime":1790312714529,"success":true,"testResults":[{"assertionResults":[{"ancestorTitles":["adversarial signing costs and receipt identity"],"fullName":"adversarial signing costs and receipt identity rejects a server plan that understates an encoded priority fee beyond the accepted total SOL cap","status":"passed","title":"rejects a server plan that understates an encoded priority fee beyond the accepted total SOL cap","duration":128.9751839999999,"failureMessages":[],"meta":{},"tags":[]},{"ancestorTitles":["adversarial signing costs and receipt identity"],"fullName":"adversarial signing costs and receipt identity rejects duplicate account-index entries in transaction token metadata","status":"passed","title":"rejects duplicate account-index entries in transaction token metadata","duration":120.59269499999994,"failureMessages":[],"meta":{},"tags":[]},{"ancestorTitles":["adversarial signing costs and receipt identity"],"fullName":"adversarial signing costs and receipt identity rejects a matching-message receipt carrying different full signed bytes","status":"passed","title":"rejects a matching-message receipt carrying different full signed bytes","duration":42.65733,"failureMessages":[],"meta":{},"tags":[]},{"ancestorTitles":["adversarial signing costs and receipt identity"],"fullName":"adversarial signing costs and receipt identity rejects unsafe integer RPC network fees rather than rounding","status":"passed","title":"rejects unsafe integer RPC network fees rather than rounding","duration":36.079857000000175,"failureMessages":[],"meta":{},"tags":[]},{"ancestorTitles":["prior-success and inconsistent-history recovery"],"fullName":"prior-success and inconsistent-history recovery recovers original success from transaction metadata even when signature status is missing","status":"passed","title":"recovers original success from transaction metadata even when signature status is missing","duration":8.631823000000168,"failureMessages":[],"meta":{},"tags":[]},{"ancestorTitles":["prior-success and inconsistent-history recovery"],"fullName":"prior-success and inconsistent-history recovery holds a formerly confirmed attempt when current histories contradict its prior success","status":"passed","title":"holds a formerly confirmed attempt when current histories contradict its prior success","duration":6.082785000000058,"failureMessages":[],"meta":{},"tags":[]},{"ancestorTitles":["prior-success and inconsistent-history recovery"],"fullName":"prior-success and inconsistent-history recovery does not ignore a third healthy endpoint that still sees processing","status":"passed","title":"does not ignore a third healthy endpoint that still sees processing","duration":6.506209000000126,"failureMessages":[],"meta":{},"tags":[]},{"ancestorTitles":["live preparation network and ATA rent safety"],"fullName":"live preparation network and ATA rent safety accepts the full official devnet genesis hash","status":"passed","title":"accepts the full official devnet genesis hash","duration":25.360031000000163,"failureMessages":[],"meta":{},"tags":[]},{"ancestorTitles":["live preparation network and ATA rent safety"],"fullName":"live preparation network and ATA rent safety prices the ImmutableOwner extension added by Token-2022 ATA creation","status":"passed","title":"prices the ImmutableOwner extension added by Token-2022 ATA creation","duration":33.1235650000001,"failureMessages":[],"meta":{},"tags":[]}],"startTime":1790312715377,"endTime":1790312715786.1235,"status":"passed","message":"","name":"/home/riley/dev/barterbook/tests/adversarial.test.ts"},{"assertionResults":[{"ancestorTitles":["wallet authentication boundary"],"fullName":"wallet authentication boundary consumes a cryptographically verified challenge once even when requests race","status":"passed","title":"consumes a cryptographically verified challenge once even when requests race","duration":28.639425000000017,"failureMessages":[],"meta":{},"tags":[]},{"ancestorTitles":["wallet authentication boundary"],"fullName":"wallet authentication boundary rejects signatures by another wallet and keeps the challenge unconsumed","status":"passed","title":"rejects signatures by another wallet and keeps the challenge unconsumed","duration":13.635248000000047,"failureMessages":[],"meta":{},"tags":[]},{"ancestorTitles":["wallet authentication boundary"],"fullName":"wallet authentication boundary binds a signature to exact message, origin, cluster and expiry","status":"passed","title":"binds a signature to exact message, origin, cluster and expiry","duration":17.861368999999968,"failureMessages":[],"meta":{},"tags":[]},{"ancestorTitles":["wallet authentication boundary"],"fullName":"wallet authentication boundary rejects cross-origin mutations and issues secure HttpOnly cookies","status":"passed","title":"rejects cross-origin mutations and issues secure HttpOnly cookies","duration":46.140450999999985,"failureMessages":[],"meta":{},"tags":[]},{"ancestorTitles":["wallet authentication boundary"],"fullName":"wallet authentication boundary enforces rate limits under concurrent increments in the database","status":"passed","title":"enforces rate limits under concurrent increments in the database","duration":5.739603999999986,"failureMessages":[],"meta":{},"tags":[]}],"startTime":1790312715578,"endTime":1790312715690.7395,"status":"passed","message":"","name":"/home/riley/dev/barterbook/tests/auth.test.ts"},{"assertionResults":[{"ancestorTitles":["raw mint compatibility gate (no RPC calls)"],"fullName":"raw mint compatibility gate (no RPC calls) decodes both fee caps and supply above Number safe range without precision loss","status":"passed","title":"decodes both fee caps and supply above Number safe range without precision loss","duration":5.61930499999994,"failureMessages":[],"meta":{},"tags":[]},{"ancestorTitles":["raw mint compatibility gate (no RPC calls)"],"fullName":"raw mint compatibility gate (no RPC calls) allows fee-bearing mints with inactive hook, unpaused state and unchanged multiplier","status":"passed","title":"allows fee-bearing mints with inactive hook, unpaused state and unchanged multiplier","duration":4.718605000000025,"failureMessages":[],"meta":{},"tags":[]},{"ancestorTitles":["raw mint compatibility gate (no RPC calls)"],"fullName":"raw mint compatibility gate (no RPC calls) rejects active transfer hook even when that extension type was registered","status":"passed","title":"rejects active transfer hook even when that extension type was registered","duration":3.4613789999999653,"failureMessages":[],"meta":{},"tags":[]},{"ancestorTitles":["raw mint compatibility gate (no RPC calls)"],"fullName":"raw mint compatibility gate (no RPC calls) rejects paused mint even when that extension type was registered","status":"passed","title":"rejects paused mint even when that extension type was registered","duration":2.2947149999999965,"failureMessages":[],"meta":{},"tags":[]},{"ancestorTitles":["raw mint compatibility gate (no RPC calls)"],"fullName":"raw mint compatibility gate (no RPC calls) rejects changed current multiplier even when that extension type was registered","status":"passed","title":"rejects changed current multiplier even when that extension type was registered","duration":1.9454719999999952,"failureMessages":[],"meta":{},"tags":[]},{"ancestorTitles":["raw mint compatibility gate (no RPC calls)"],"fullName":"raw mint compatibility gate (no RPC calls) rejects pending changed multiplier even when that extension type was registered","status":"passed","title":"rejects pending changed multiplier even when that extension type was registered","duration":1.6435089999999946,"failureMessages":[],"meta":{},"tags":[]},{"ancestorTitles":["raw mint compatibility gate (no RPC calls)"],"fullName":"raw mint compatibility gate (no RPC calls) rejects nonfinite multiplier even when that extension type was registered","status":"passed","title":"rejects nonfinite multiplier even when that extension type was registered","duration":1.7101649999999609,"failureMessages":[],"meta":{},"tags":[]},{"ancestorTitles":["raw mint compatibility gate (no RPC calls)"],"fullName":"raw mint compatibility gate (no RPC calls) rejects an unknown extension even if a caller tries to include it in the manifest","status":"passed","title":"rejects an unknown extension even if a caller tries to include it in the manifest","duration":1.391781999999921,"failureMessages":[],"meta":{},"tags":[]},{"ancestorTitles":["raw mint compatibility gate (no RPC calls)"],"fullName":"raw mint compatibility gate (no RPC calls) rejects a newly introduced otherwise-recognized extension absent from the tested manifest","status":"passed","title":"rejects a newly introduced otherwise-recognized extension absent from the tested manifest","duration":1.6608219999999392,"failureMessages":[],"meta":{},"tags":[]},{"ancestorTitles":["raw mint compatibility gate (no RPC calls)"],"fullName":"raw mint compatibility gate (no RPC calls) rejects a mint account owned by the wrong token program","status":"passed","title":"rejects a mint account owned by the wrong token program","duration":1.3001279999999724,"failureMessages":[],"meta":{},"tags":[]},{"ancestorTitles":["raw mint compatibility gate (no RPC calls)"],"fullName":"raw mint compatibility gate (no RPC calls) rejects changed decimals, missing mint and uninitialized mint","status":"passed","title":"rejects changed decimals, missing mint and uninitialized mint","duration":1.6540290000000368,"failureMessages":[],"meta":{},"tags":[]},{"ancestorTitles":["raw mint compatibility gate (no RPC calls)"],"fullName":"raw mint compatibility gate (no RPC calls) rejects changes in the declared fee-extension policy","status":"passed","title":"rejects changes in the declared fee-extension policy","duration":1.4016899999999168,"failureMessages":[],"meta":{},"tags":[]},{"ancestorTitles":["raw token-account authority and transfer requirement gate (no RPC calls)"],"fullName":"raw token-account authority and transfer requirement gate (no RPC calls) accepts a fee-bearing account with immutable owner and preserves spendable raw balance","status":"passed","title":"accepts a fee-bearing account with immutable owner and preserves spendable raw balance","duration":7.170849999999973,"failureMessages":[],"meta":{},"tags":[]},{"ancestorTitles":["raw token-account authority and transfer requirement gate (no RPC calls)"],"fullName":"raw token-account authority and transfer requirement gate (no RPC calls) permits a present MemoTransfer extension when incoming memos are not required","status":"passed","title":"permits a present MemoTransfer extension when incoming memos are not required","duration":2.2235299999999825,"failureMessages":[],"meta":{},"tags":[]},{"ancestorTitles":["raw token-account authority and transfer requirement gate (no RPC calls)"],"fullName":"raw token-account authority and transfer requirement gate (no RPC calls) rejects memo-required recipients","status":"passed","title":"rejects memo-required recipients","duration":1.8156860000000279,"failureMessages":[],"meta":{},"tags":[]},{"ancestorTitles":["raw token-account authority and transfer requirement gate (no RPC calls)"],"fullName":"raw token-account authority and transfer requirement gate (no RPC calls) rejects frozen","status":"passed","title":"rejects frozen","duration":1.813792000000035,"failureMessages":[],"meta":{},"tags":[]},{"ancestorTitles":["raw token-account authority and transfer requirement gate (no RPC calls)"],"fullName":"raw token-account authority and transfer requirement gate (no RPC calls) rejects uninitialized","status":"passed","title":"rejects uninitialized","duration":1.7479869999999664,"failureMessages":[],"meta":{},"tags":[]},{"ancestorTitles":["raw token-account authority and transfer requirement gate (no RPC calls)"],"fullName":"raw token-account authority and transfer requirement gate (no RPC calls) rejects unexpected delegate","status":"passed","title":"rejects unexpected delegate","duration":2.2122890000000552,"failureMessages":[],"meta":{},"tags":[]},{"ancestorTitles":["raw token-account authority and transfer requirement gate (no RPC calls)"],"fullName":"raw token-account authority and transfer requirement gate (no RPC calls) rejects unexpected close authority","status":"passed","title":"rejects unexpected close authority","duration":2.27695099999994,"failureMessages":[],"meta":{},"tags":[]},{"ancestorTitles":["raw token-account authority and transfer requirement gate (no RPC calls)"],"fullName":"raw token-account authority and transfer requirement gate (no RPC calls) rejects native/wrapped SOL account","status":"passed","title":"rejects native/wrapped SOL account","duration":2.1533470000000534,"failureMessages":[],"meta":{},"tags":[]},{"ancestorTitles":["raw token-account authority and transfer requirement gate (no RPC calls)"],"fullName":"raw token-account authority and transfer requirement gate (no RPC calls) rejects wrong token mint","status":"passed","title":"rejects wrong token mint","duration":1.6822630000000345,"failureMessages":[],"meta":{},"tags":[]},{"ancestorTitles":["raw token-account authority and transfer requirement gate (no RPC calls)"],"fullName":"raw token-account authority and transfer requirement gate (no RPC calls) rejects a token account whose spending authority is a different wallet","status":"passed","title":"rejects a token account whose spending authority is a different wallet","duration":2.157935000000066,"failureMessages":[],"meta":{},"tags":[]},{"ancestorTitles":["raw token-account authority and transfer requirement gate (no RPC calls)"],"fullName":"raw token-account authority and transfer requirement gate (no RPC calls) rejects a token account owned by a different token program","status":"passed","title":"rejects a token account owned by a different token program","duration":2.483893999999964,"failureMessages":[],"meta":{},"tags":[]},{"ancestorTitles":["raw token-account authority and transfer requirement gate (no RPC calls)"],"fullName":"raw token-account authority and transfer requirement gate (no RPC calls) rejects unsupported account extension 5","status":"passed","title":"rejects unsupported account extension 5","duration":1.7581870000000208,"failureMessages":[],"meta":{},"tags":[]},{"ancestorTitles":["raw token-account authority and transfer requirement gate (no RPC calls)"],"fullName":"raw token-account authority and transfer requirement gate (no RPC calls) rejects unsupported account extension 11","status":"passed","title":"rejects unsupported account extension 11","duration":1.667283999999995,"failureMessages":[],"meta":{},"tags":[]},{"ancestorTitles":["raw token-account authority and transfer requirement gate (no RPC calls)"],"fullName":"raw token-account authority and transfer requirement gate (no RPC calls) rejects unsupported account extension 65534","status":"passed","title":"rejects unsupported account extension 65534","duration":2.378214000000071,"failureMessages":[],"meta":{},"tags":[]},{"ancestorTitles":["raw token-account authority and transfer requirement gate (no RPC calls)"],"fullName":"raw token-account authority and transfer requirement gate (no RPC calls) requires raw base64 account data rather than trusting parsed RPC quantities","status":"passed","title":"requires raw base64 account data rather than trusting parsed RPC quantities","duration":2.2190010000000484,"failureMessages":[],"meta":{},"tags":[]}],"startTime":1790312715997,"endTime":1790312716062.219,"status":"passed","message":"","name":"/home/riley/dev/barterbook/tests/compatibility.test.ts"},{"assertionResults":[{"ancestorTitles":["persistent authenticated board workflow"],"fullName":"persistent authenticated board workflow posts only selected inventory with exact integer strings; rejects unauthorized withdrawal","status":"passed","title":"posts only selected inventory with exact integer strings; rejects unauthorized withdrawal","duration":193.5344520000001,"failureMessages":[],"meta":{},"tags":[]},{"ancestorTitles":["persistent authenticated board workflow"],"fullName":"persistent authenticated board workflow persists exact two-for-one offers, isolates rooms and invalidates both acceptances on a counteroffer","status":"passed","title":"persists exact two-for-one offers, isolates rooms and invalidates both acceptances on a counteroffer","duration":49.774167000000034,"failureMessages":[],"meta":{},"tags":[]},{"ancestorTitles":["persistent authenticated board workflow"],"fullName":"persistent authenticated board workflow rejects altered fees, unsupported mints and opposing bilateral directions before room creation","status":"passed","title":"rejects altered fees, unsupported mints and opposing bilateral directions before room creation","duration":22.050158999999894,"failureMessages":[],"meta":{},"tags":[]},{"ancestorTitles":["explicit room renewal after authoritative reconciliation"],"fullName":"explicit room renewal after authoritative reconciliation rejects renewal for timeout, cancellation, nonfinal failure and any prior success","status":"passed","title":"rejects renewal for timeout, cancellation, nonfinal failure and any prior success","duration":220.1839500000001,"failureMessages":[],"meta":{},"tags":[]},{"ancestorTitles":["explicit room renewal after authoritative reconciliation"],"fullName":"explicit room renewal after authoritative reconciliation allows a reconciled basket failure and ring expiry only with a new complete revision and fresh consent","status":"passed","title":"allows a reconciled basket failure and ring expiry only with a new complete revision and fresh consent","duration":68.92442299999993,"failureMessages":[],"meta":{},"tags":[]},{"ancestorTitles":["explicit room renewal after authoritative reconciliation"],"fullName":"explicit room renewal after authoritative reconciliation atomically releases safe locks even when explicit cleanup is skipped, then renews the room","status":"passed","title":"atomically releases safe locks even when explicit cleanup is skipped, then renews the room","duration":25.00369499999988,"failureMessages":[],"meta":{},"tags":[]},{"ancestorTitles":["explicit room renewal after authoritative reconciliation"],"fullName":"explicit room renewal after authoritative reconciliation rejects stale fees rather than changing quantities or receipts and checks unchanged ring shape","status":"passed","title":"rejects stale fees rather than changing quantities or receipts and checks unchanged ring shape","duration":33.33066800000006,"failureMessages":[],"meta":{},"tags":[]}],"startTime":1790312715426,"endTime":1790312716040.3306,"status":"passed","message":"","name":"/home/riley/dev/barterbook/tests/db-board.test.ts"},{"assertionResults":[{"ancestorTitles":["durable room and attempt constraints"],"fullName":"durable room and attempt constraints atomically acquires every owner lock or none when rooms compete","status":"passed","title":"atomically acquires every owner lock or none when rooms compete","duration":25.76424800000001,"failureMessages":[],"meta":{},"tags":[]},{"ancestorTitles":["durable room and attempt constraints"],"fullName":"durable room and attempt constraints prevents stale readiness and resets every acceptance on immutable revision","status":"passed","title":"prevents stale readiness and resets every acceptance on immutable revision","duration":24.130657999999983,"failureMessages":[],"meta":{},"tags":[]},{"ancestorTitles":["durable room and attempt constraints"],"fullName":"durable room and attempt constraints does not let a stale rejection cancel a counteroffer that won the race","status":"passed","title":"does not let a stale rejection cancel a counteroffer that won the race","duration":6.896920000000023,"failureMessages":[],"meta":{},"tags":[]},{"ancestorTitles":["durable room and attempt constraints"],"fullName":"durable room and attempt constraints requires all participants ready at the atomic preparation boundary","status":"passed","title":"requires all participants ready at the atomic preparation boundary","duration":12.043588,"failureMessages":[],"meta":{},"tags":[]},{"ancestorTitles":["durable room and attempt constraints"],"fullName":"durable room and attempt constraints never releases frozen attempts through cancellation or allows a revision while unresolved","status":"passed","title":"never releases frozen attempts through cancellation or allows a revision while unresolved","duration":11.659369000000027,"failureMessages":[],"meta":{},"tags":[]},{"ancestorTitles":["durable room and attempt constraints"],"fullName":"durable room and attempt constraints uses compare-and-swap to prevent concurrent signatures overwriting each other","status":"passed","title":"uses compare-and-swap to prevent concurrent signatures overwriting each other","duration":13.84327300000001,"failureMessages":[],"meta":{},"tags":[]},{"ancestorTitles":["durable room and attempt constraints"],"fullName":"durable room and attempt constraints keeps message/lifetime/fully signed bytes and transaction identity immutable","status":"passed","title":"keeps message/lifetime/fully signed bytes and transaction identity immutable","duration":11.566643,"failureMessages":[],"meta":{},"tags":[]},{"ancestorTitles":["durable room and attempt constraints"],"fullName":"durable room and attempt constraints only releases a reconciled expiry/failure or final success","status":"passed","title":"only releases a reconciled expiry/failure or final success","duration":9.538182000000006,"failureMessages":[],"meta":{},"tags":[]},{"ancestorTitles":["durable room and attempt constraints"],"fullName":"durable room and attempt constraints rejects a rejected or expired room at the database preparation boundary","status":"passed","title":"rejects a rejected or expired room at the database preparation boundary","duration":18.979071000000033,"failureMessages":[],"meta":{},"tags":[]},{"ancestorTitles":["durable room and attempt constraints"],"fullName":"durable room and attempt constraints atomically consumes source listings and unlocks owners when final success is persisted","status":"passed","title":"atomically consumes source listings and unlocks owners when final success is persisted","duration":10.170994000000007,"failureMessages":[],"meta":{},"tags":[]},{"ancestorTitles":["durable room and attempt constraints"],"fullName":"durable room and attempt constraints stores u64 quantities losslessly and rechecks listing versions before preparation","status":"passed","title":"stores u64 quantities losslessly and rechecks listing versions before preparation","duration":8.000594999999976,"failureMessages":[],"meta":{},"tags":[]}],"startTime":1790312714957,"endTime":1790312715110.0005,"status":"passed","message":"","name":"/home/riley/dev/barterbook/tests/db.test.ts"},{"assertionResults":[{"ancestorTitles":["exact financial boundaries"],"fullName":"exact financial boundaries matches the SPL SDK at rounding, cap and u64 boundaries","status":"passed","title":"matches the SPL SDK at rounding, cap and u64 boundaries","duration":8.139627999999902,"failureMessages":[],"meta":{},"tags":[]},{"ancestorTitles":["exact financial boundaries"],"fullName":"exact financial boundaries grosses up to the least feasible raw unit and rejects impossible receipt","status":"passed","title":"grosses up to the least feasible raw unit and rejects impossible receipt","duration":1.8719830000000002,"failureMessages":[],"meta":{},"tags":[]},{"ancestorTitles":["exact financial boundaries"],"fullName":"exact financial boundaries never rounds decimal input or accepts unsafe/negative quantities","status":"passed","title":"never rounds decimal input or accepts unsafe/negative quantities","duration":0.8066609999999628,"failureMessages":[],"meta":{},"tags":[]},{"ancestorTitles":["exact financial boundaries"],"fullName":"exact financial boundaries rejects stale fee terms on epoch switch","status":"passed","title":"rejects stale fee terms on epoch switch","duration":106.10339499999998,"failureMessages":[],"meta":{},"tags":[]},{"ancestorTitles":["exact financial boundaries"],"fullName":"exact financial boundaries rejects duplicate, opposite mint flows and insufficient net minima","status":"passed","title":"rejects duplicate, opposite mint flows and insufficient net minima","duration":17.715111999999976,"failureMessages":[],"meta":{},"tags":[]}],"startTime":1790312715326,"endTime":1790312715460.715,"status":"passed","message":"","name":"/home/riley/dev/barterbook/tests/financial.test.ts"},{"assertionResults":[{"ancestorTitles":["actual LOCAL Token-2022 runtime execution"],"fullName":"actual LOCAL Token-2022 runtime execution BASKET: checked-fee atomic exchange creates missing ATAs after immutable sequential signing","status":"passed","title":"BASKET: checked-fee atomic exchange creates missing ATAs after immutable sequential signing","duration":337.50922300000013,"failureMessages":[],"meta":{},"tags":[]},{"ancestorTitles":["actual LOCAL Token-2022 runtime execution"],"fullName":"actual LOCAL Token-2022 runtime execution RING: checked-fee atomic exchange creates missing ATAs after immutable sequential signing","status":"passed","title":"RING: checked-fee atomic exchange creates missing ATAs after immutable sequential signing","duration":146.08589800000004,"failureMessages":[],"meta":{},"tags":[]},{"ancestorTitles":["actual LOCAL Token-2022 runtime execution"],"fullName":"actual LOCAL Token-2022 runtime execution a failing FINAL token leg rolls back earlier transfers AND all newly created ATAs","status":"passed","title":"a failing FINAL token leg rolls back earlier transfers AND all newly created ATAs","duration":114.87170700000001,"failureMessages":[],"meta":{},"tags":[]}],"startTime":1790312715331,"endTime":1790312715928.8718,"status":"passed","message":"","name":"/home/riley/dev/barterbook/tests/local-runtime.test.ts"},{"assertionResults":[{"ancestorTitles":[],"fullName":"matches exact whole lots, minima and deduplicates rotations","status":"passed","title":"matches exact whole lots, minima and deduplicates rotations","duration":180.15123099999994,"failureMessages":[],"meta":{},"tags":[]},{"ancestorTitles":[],"fullName":"rejects cycle-shaped graph whose fees violate one receipt","status":"passed","title":"rejects cycle-shaped graph whose fees violate one receipt","duration":19.80166100000008,"failureMessages":[],"meta":{},"tags":[]},{"ancestorTitles":[],"fullName":"excludes repeated owners, insufficient balance, locked, expired and other-network lots","status":"passed","title":"excludes repeated owners, insufficient balance, locked, expired and other-network lots","duration":56.16984600000012,"failureMessages":[],"meta":{},"tags":[]}],"startTime":1790312715376,"endTime":1790312715632.17,"status":"passed","message":"","name":"/home/riley/dev/barterbook/tests/matcher.test.ts"},{"assertionResults":[{"ancestorTitles":[],"fullName":"reconciles this transaction, independent of later wallet balances","status":"passed","title":"reconciles this transaction, independent of later wallet balances","duration":221.151386,"failureMessages":[],"meta":{},"tags":[]},{"ancestorTitles":[],"fullName":"rejects failed transaction, changed receipt, missing pre metadata and wrong net","status":"passed","title":"rejects failed transaction, changed receipt, missing pre metadata and wrong net","duration":126.3402319999999,"failureMessages":[],"meta":{},"tags":[]}],"startTime":1790312715313,"endTime":1790312715660.3403,"status":"passed","message":"","name":"/home/riley/dev/barterbook/tests/receipt.test.ts"},{"assertionResults":[{"ancestorTitles":[],"fullName":"recovers success after send timeout/reload, even after expiry","status":"passed","title":"recovers success after send timeout/reload, even after expiry","duration":118.51811699999996,"failureMessages":[],"meta":{},"tags":[]},{"ancestorTitles":[],"fullName":"timeout, cancel and single cache/history miss cannot unlock","status":"passed","title":"timeout, cancel and single cache/history miss cannot unlock","duration":15.159500999999977,"failureMessages":[],"meta":{},"tags":[]},{"ancestorTitles":[],"fullName":"requires both authoritative histories after finalized expiry","status":"passed","title":"requires both authoritative histories after finalized expiry","duration":20.34054500000002,"failureMessages":[],"meta":{},"tags":[]},{"ancestorTitles":[],"fullName":"finalized chain failure, not preflight failure, permits renewed consent","status":"passed","title":"finalized chain failure, not preflight failure, permits renewed consent","duration":9.467278000000078,"failureMessages":[],"meta":{},"tags":[]},{"ancestorTitles":[],"fullName":"conflicting evidence and missing ID stay unresolved","status":"passed","title":"conflicting evidence and missing ID stay unresolved","duration":10.563237999999956,"failureMessages":[],"meta":{},"tags":[]},{"ancestorTitles":[],"fullName":"can resume the same unsigned message after transient history outage before lifetime ends","status":"passed","title":"can resume the same unsigned message after transient history outage before lifetime ends","duration":7.833377000000041,"failureMessages":[],"meta":{},"tags":[]},{"ancestorTitles":[],"fullName":"never forgets observed success after multiple uncertain reconciliation passes","status":"passed","title":"never forgets observed success after multiple uncertain reconciliation passes","duration":8.798287999999957,"failureMessages":[],"meta":{},"tags":[]}],"startTime":1790312715336,"endTime":1790312715527.7983,"status":"passed","message":"","name":"/home/riley/dev/barterbook/tests/recovery.test.ts"},{"assertionResults":[{"ancestorTitles":["settlement HTTP + SQLite + mocked RPC integration (not onchain evidence)"],"fullName":"settlement HTTP + SQLite + mocked RPC integration (not onchain evidence) keeps active signing and fully signed attempts usable while polling a healthy valid lifetime","status":"passed","title":"keeps active signing and fully signed attempts usable while polling a healthy valid lifetime","duration":5624.009736,"failureMessages":[],"meta":{},"tags":[]},{"ancestorTitles":["settlement HTTP + SQLite + mocked RPC integration (not onchain evidence)"],"fullName":"settlement HTTP + SQLite + mocked RPC integration (not onchain evidence) persists full bytes, local identifier, lifetime and submission marker before broadcasting exact bytes","status":"passed","title":"persists full bytes, local identifier, lifetime and submission marker before broadcasting exact bytes","duration":4296.679873,"failureMessages":[],"meta":{},"tags":[]},{"ancestorTitles":["settlement HTTP + SQLite + mocked RPC integration (not onchain evidence)"],"fullName":"settlement HTTP + SQLite + mocked RPC integration (not onchain evidence) broadcasts only once when two submit requests race","status":"passed","title":"broadcasts only once when two submit requests race","duration":2778.280791000001,"failureMessages":[],"meta":{},"tags":[]},{"ancestorTitles":["settlement HTTP + SQLite + mocked RPC integration (not onchain evidence)"],"fullName":"settlement HTTP + SQLite + mocked RPC integration (not onchain evidence) recovers original success and transaction metadata after a send timeout and a new router instance","status":"passed","title":"recovers original success and transaction metadata after a send timeout and a new router instance","duration":4288.5650209999985,"failureMessages":[],"meta":{},"tags":[]},{"ancestorTitles":["settlement HTTP + SQLite + mocked RPC integration (not onchain evidence)"],"fullName":"settlement HTTP + SQLite + mocked RPC integration (not onchain evidence) rejects a concurrent signature overwrite, then safely merges the loser after reloading","status":"passed","title":"rejects a concurrent signature overwrite, then safely merges the loser after reloading","duration":2662.5215610000014,"failureMessages":[],"meta":{},"tags":[]},{"ancestorTitles":["settlement HTTP + SQLite + mocked RPC integration (not onchain evidence)"],"fullName":"settlement HTTP + SQLite + mocked RPC integration (not onchain evidence) cannot replace or immediately unlock a canceled attempt even before a signature upload","status":"passed","title":"cannot replace or immediately unlock a canceled attempt even before a signature upload","duration":2278.380731000001,"failureMessages":[],"meta":{},"tags":[]},{"ancestorTitles":["settlement HTTP + SQLite + mocked RPC integration (not onchain evidence)"],"fullName":"settlement HTTP + SQLite + mocked RPC integration (not onchain evidence) does not authorize replacement from preflight failure or unavailable history; authoritative expiry still requires fresh consent","status":"passed","title":"does not authorize replacement from preflight failure or unavailable history; authoritative expiry still requires fresh consent","duration":4652.700406000004,"failureMessages":[],"meta":{},"tags":[]},{"ancestorTitles":["settlement HTTP + SQLite + mocked RPC integration (not onchain evidence)"],"fullName":"settlement HTTP + SQLite + mocked RPC integration (not onchain evidence) budgets extension-aware receiving-account funding before wallet signing","status":"passed","title":"budgets extension-aware receiving-account funding before wallet signing","duration":1158.9659930000016,"failureMessages":[],"meta":{},"tags":[]},{"ancestorTitles":["settlement HTTP + SQLite + mocked RPC integration (not onchain evidence)"],"fullName":"settlement HTTP + SQLite + mocked RPC integration (not onchain evidence) checks source inventory and payer SOL before creating any executable attempt","status":"passed","title":"checks source inventory and payer SOL before creating any executable attempt","duration":1654.2913719999997,"failureMessages":[],"meta":{},"tags":[]},{"ancestorTitles":["recovery proof integrity"],"fullName":"recovery proof integrity does not release allocations for altered failed transaction bytes or invalid signatures","status":"passed","title":"does not release allocations for altered failed transaction bytes or invalid signatures","duration":6816.804118,"failureMessages":[],"meta":{},"tags":[]},{"ancestorTitles":["recovery proof integrity"],"fullName":"recovery proof integrity requires matching finalized failure metadata rather than a finalized status plus confirmed metadata","status":"passed","title":"requires matching finalized failure metadata rather than a finalized status plus confirmed metadata","duration":4028.3405490000005,"failureMessages":[],"meta":{},"tags":[]},{"ancestorTitles":["recovery proof integrity"],"fullName":"recovery proof integrity persists a success signal during conflicting observations and forbids a later absence-based retry","status":"passed","title":"persists a success signal during conflicting observations and forbids a later absence-based retry","duration":5780.309270999998,"failureMessages":[],"meta":{},"tags":[]},{"ancestorTitles":["sticky success when receipt retrieval fails"],"fullName":"sticky success when receipt retrieval fails persists confirmed success before a metadata timeout and refuses a later finalized-failure release","status":"passed","title":"persists confirmed success before a metadata timeout and refuses a later finalized-failure release","duration":5278.185381999996,"failureMessages":[],"meta":{},"tags":[]},{"ancestorTitles":["sticky success when receipt retrieval fails"],"fullName":"sticky success when receipt retrieval fails retains success when externally completed transaction bytes fail verification before full bytes were saved","status":"passed","title":"retains success when externally completed transaction bytes fail verification before full bytes were saved","duration":5034.467196999998,"failureMessages":[],"meta":{},"tags":[]},{"ancestorTitles":[],"fullName":"holds allocations for contradictory finalized-success receipt metadata until the exact receipt verifies","status":"passed","title":"holds allocations for contradictory finalized-success receipt metadata until the exact receipt verifies","duration":5293.154144,"failureMessages":[],"meta":{},"tags":[]},{"ancestorTitles":["conservative receiving-account funding"],"fullName":"conservative receiving-account funding rejects a zero rent cap even when all empty receiving ATAs currently exist","status":"passed","title":"rejects a zero rent cap even when all empty receiving ATAs currently exist","duration":646.386176,"failureMessages":[],"meta":{},"tags":[]},{"ancestorTitles":["conservative receiving-account funding"],"fullName":"conservative receiving-account funding budgets every encoded receiving ATA and caches the fresh rent quote by account size","status":"passed","title":"budgets every encoded receiving ATA and caches the fresh rent quote by account size","duration":1155.6060080000025,"failureMessages":[],"meta":{},"tags":[]},{"ancestorTitles":["conservative receiving-account funding"],"fullName":"conservative receiving-account funding refuses preparation when fresh RPC rent exceeds the browser-verifiable policy bound","status":"passed","title":"refuses preparation when fresh RPC rent exceeds the browser-verifiable policy bound","duration":522.1156430000046,"failureMessages":[],"meta":{},"tags":[]}],"startTime":1790312715410,"endTime":1790312779362.1157,"status":"passed","message":"","name":"/home/riley/dev/barterbook/tests/settlement.test.ts"},{"assertionResults":[{"ancestorTitles":["immutable signing spike (SDK only)"],"fullName":"immutable signing spike (SDK only) 2 owners sign identical bytes across serialize/merge round trips","status":"passed","title":"2 owners sign identical bytes across serialize/merge round trips","duration":251.216226,"failureMessages":[],"meta":{},"tags":[]},{"ancestorTitles":["immutable signing spike (SDK only)"],"fullName":"immutable signing spike (SDK only) 3 owners sign identical bytes across serialize/merge round trips","status":"passed","title":"3 owners sign identical bytes across serialize/merge round trips","duration":90.4071550000001,"failureMessages":[],"meta":{},"tags":[]},{"ancestorTitles":["immutable signing spike (SDK only)"],"fullName":"immutable signing spike (SDK only) rejects instruction, signer, account, fee and lifetime tampering","status":"passed","title":"rejects instruction, signer, account, fee and lifetime tampering","duration":115.58147299999996,"failureMessages":[],"meta":{},"tags":[]},{"ancestorTitles":["immutable signing spike (SDK only)"],"fullName":"immutable signing spike (SDK only) rejects invalid/missing signatures and an unaccepted terms version","status":"passed","title":"rejects invalid/missing signatures and an unaccepted terms version","duration":19.438351999999895,"failureMessages":[],"meta":{},"tags":[]}],"startTime":1790312715258,"endTime":1790312715735.4382,"status":"passed","message":"","name":"/home/riley/dev/barterbook/tests/signing.test.ts"},{"assertionResults":[{"ancestorTitles":[],"fullName":"never prompts a payer when encoded ATA creations exceed its accepted SOL allowance","status":"passed","title":"never prompts a payer when encoded ATA creations exceed its accepted SOL allowance","duration":197.30325400000004,"failureMessages":[],"meta":{},"tags":[]},{"ancestorTitles":["browser signing boundary (fake Wallet Standard adapters only)"],"fullName":"browser signing boundary (fake Wallet Standard adapters only) preserves all 2 owners' signatures and immutable message","status":"passed","title":"preserves all 2 owners' signatures and immutable message","duration":101.36099400000012,"failureMessages":[],"meta":{},"tags":[]},{"ancestorTitles":["browser signing boundary (fake Wallet Standard adapters only)"],"fullName":"browser signing boundary (fake Wallet Standard adapters only) preserves all 3 owners' signatures and immutable message","status":"passed","title":"preserves all 3 owners' signatures and immutable message","duration":93.28486599999997,"failureMessages":[],"meta":{},"tags":[]},{"ancestorTitles":["browser signing boundary (fake Wallet Standard adapters only)"],"fullName":"browser signing boundary (fake Wallet Standard adapters only) rejects extra transfer instructions before opening a wallet prompt","status":"passed","title":"rejects extra transfer instructions before opening a wallet prompt","duration":17.020743999999922,"failureMessages":[],"meta":{},"tags":[]},{"ancestorTitles":["browser signing boundary (fake Wallet Standard adapters only)"],"fullName":"browser signing boundary (fake Wallet Standard adapters only) rejects a terms revision and mainnet before opening a wallet prompt","status":"passed","title":"rejects a terms revision and mainnet before opening a wallet prompt","duration":14.306322000000137,"failureMessages":[],"meta":{},"tags":[]},{"ancestorTitles":["browser signing boundary (fake Wallet Standard adapters only)"],"fullName":"browser signing boundary (fake Wallet Standard adapters only) rejects corrupt earlier signatures before opening a wallet prompt","status":"passed","title":"rejects corrupt earlier signatures before opening a wallet prompt","duration":19.632029999999986,"failureMessages":[],"meta":{},"tags":[]},{"ancestorTitles":["browser signing boundary (fake Wallet Standard adapters only)"],"fullName":"browser signing boundary (fake Wallet Standard adapters only) rejects a wallet that drops a prior signature","status":"passed","title":"rejects a wallet that drops a prior signature","duration":52.38449199999991,"failureMessages":[],"meta":{},"tags":[]},{"ancestorTitles":["browser signing boundary (fake Wallet Standard adapters only)"],"fullName":"browser signing boundary (fake Wallet Standard adapters only) rejects a wallet that changes the blockhash","status":"passed","title":"rejects a wallet that changes the blockhash","duration":28.436069999999972,"failureMessages":[],"meta":{},"tags":[]},{"ancestorTitles":["browser signing boundary (fake Wallet Standard adapters only)"],"fullName":"browser signing boundary (fake Wallet Standard adapters only) verifies exact message signatures and rejects altered signed text","status":"passed","title":"verifies exact message signatures and rejects altered signed text","duration":3.4139299999999366,"failureMessages":[],"meta":{},"tags":[]}],"startTime":1790312715406,"endTime":1790312715934.4138,"status":"passed","message":"","name":"/home/riley/dev/barterbook/tests/wallet.test.ts"}]}